[debug] [2021-08-30T14:13:54.355Z] ----------------------------------------------------------------------
[debug] [2021-08-30T14:13:54.357Z] Command:       C:\Program Files\nodejs\node.exe C:\Program Files\nodejs\node_modules\firebase-tools\lib\bin\firebase.js deploy
[debug] [2021-08-30T14:13:54.358Z] CLI Version:   9.16.0
[debug] [2021-08-30T14:13:54.358Z] Platform:      win32
[debug] [2021-08-30T14:13:54.358Z] Node Version:  v16.1.0
[debug] [2021-08-30T14:13:54.370Z] Time:          Mon Aug 30 2021 16:13:54 GMT+0200 (heure d’été d’Europe centrale)
[debug] [2021-08-30T14:13:54.371Z] ----------------------------------------------------------------------
[debug] 
[debug] [2021-08-30T14:13:54.494Z] > command requires scopes: ["email","openid","https://www.googleapis.com/auth/cloudplatformprojects.readonly","https://www.googleapis.com/auth/firebase","https://www.googleapis.com/auth/cloud-platform"]
[debug] [2021-08-30T14:13:54.494Z] > authorizing via signed-in user (tetra9696@gmail.com)
[debug] [2021-08-30T14:13:54.494Z] [iam] checking project openmeet-272514 for permissions ["cloudfunctions.functions.create","cloudfunctions.functions.delete","cloudfunctions.functions.get","cloudfunctions.functions.list","cloudfunctions.functions.update","cloudfunctions.operations.get","firebase.projects.get","firebasehosting.sites.update"]
[debug] [2021-08-30T14:13:54.496Z] > refreshing access token with scopes: ["email","https://www.googleapis.com/auth/cloud-platform","https://www.googleapis.com/auth/cloudplatformprojects.readonly","https://www.googleapis.com/auth/firebase","openid"]
[debug] [2021-08-30T14:13:54.496Z] >>> HTTP REQUEST POST https://www.googleapis.com/oauth2/v3/token  
 <request body omitted>
[debug] [2021-08-30T14:13:55.139Z] <<< HTTP RESPONSE 200 {"cache-control":"no-cache, no-store, max-age=0, must-revalidate","expires":"Mon, 01 Jan 1990 00:00:00 GMT","pragma":"no-cache","date":"Mon, 30 Aug 2021 14:13:40 GMT","content-type":"application/json; charset=utf-8","vary":"X-Origin, Referer, Origin,Accept-Encoding","server":"scaffolding on HTTPServer2","x-xss-protection":"0","x-frame-options":"SAMEORIGIN","x-content-type-options":"nosniff","alt-svc":"h3=\":443\"; ma=2592000,h3-29=\":443\"; ma=2592000,h3-T051=\":443\"; ma=2592000,h3-Q050=\":443\"; ma=2592000,h3-Q046=\":443\"; ma=2592000,h3-Q043=\":443\"; ma=2592000,quic=\":443\"; ma=2592000; v=\"46,43\"","accept-ranges":"none","transfer-encoding":"chunked"}
[debug] [2021-08-30T14:13:55.170Z] >>> HTTP REQUEST POST https://cloudresourcemanager.googleapis.com/v1/projects/openmeet-272514:testIamPermissions  
 {"permissions":["cloudfunctions.functions.create","cloudfunctions.functions.delete","cloudfunctions.functions.get","cloudfunctions.functions.list","cloudfunctions.functions.update","cloudfunctions.operations.get","firebase.projects.get","firebasehosting.sites.update"]}
[debug] [2021-08-30T14:13:56.366Z] <<< HTTP RESPONSE 200 {"content-type":"application/json; charset=UTF-8","vary":"X-Origin, Referer, Origin,Accept-Encoding","date":"Mon, 30 Aug 2021 14:13:41 GMT","server":"ESF","cache-control":"private","x-xss-protection":"0","x-frame-options":"SAMEORIGIN","x-content-type-options":"nosniff","server-timing":"gfet4t7; dur=559","alt-svc":"h3=\":443\"; ma=2592000,h3-29=\":443\"; ma=2592000,h3-T051=\":443\"; ma=2592000,h3-Q050=\":443\"; ma=2592000,h3-Q046=\":443\"; ma=2592000,h3-Q043=\":443\"; ma=2592000,quic=\":443\"; ma=2592000; v=\"46,43\"","accept-ranges":"none","transfer-encoding":"chunked"}
[debug] [2021-08-30T14:13:56.367Z] >>> HTTP REQUEST POST https://iam.googleapis.com/v1/projects/openmeet-272514/serviceAccounts/openmeet-272514@appspot.gserviceaccount.com:testIamPermissions  
 {"permissions":["iam.serviceAccounts.actAs"]}
[debug] [2021-08-30T14:13:57.123Z] <<< HTTP RESPONSE 200 {"content-type":"application/json; charset=UTF-8","vary":"X-Origin, Referer, Origin,Accept-Encoding","date":"Mon, 30 Aug 2021 14:13:42 GMT","server":"ESF","cache-control":"private","x-xss-protection":"0","x-frame-options":"SAMEORIGIN","x-content-type-options":"nosniff","alt-svc":"h3=\":443\"; ma=2592000,h3-29=\":443\"; ma=2592000,h3-T051=\":443\"; ma=2592000,h3-Q050=\":443\"; ma=2592000,h3-Q046=\":443\"; ma=2592000,h3-Q043=\":443\"; ma=2592000,quic=\":443\"; ma=2592000; v=\"46,43\"","accept-ranges":"none","transfer-encoding":"chunked"}
[debug] [2021-08-30T14:13:57.124Z] > refreshing access token with scopes: []
[debug] [2021-08-30T14:13:57.124Z] >>> HTTP REQUEST POST https://www.googleapis.com/oauth2/v3/token  
 <request body omitted>
[debug] [2021-08-30T14:13:57.275Z] <<< HTTP RESPONSE 200 {"pragma":"no-cache","date":"Mon, 30 Aug 2021 14:13:42 GMT","expires":"Mon, 01 Jan 1990 00:00:00 GMT","cache-control":"no-cache, no-store, max-age=0, must-revalidate","content-type":"application/json; charset=utf-8","vary":"X-Origin, Referer, Origin,Accept-Encoding","server":"scaffolding on HTTPServer2","x-xss-protection":"0","x-frame-options":"SAMEORIGIN","x-content-type-options":"nosniff","alt-svc":"h3=\":443\"; ma=2592000,h3-29=\":443\"; ma=2592000,h3-T051=\":443\"; ma=2592000,h3-Q050=\":443\"; ma=2592000,h3-Q046=\":443\"; ma=2592000,h3-Q043=\":443\"; ma=2592000,quic=\":443\"; ma=2592000; v=\"46,43\"","accept-ranges":"none","transfer-encoding":"chunked"}
[debug] [2021-08-30T14:13:57.301Z] >>> [apiv2][query] GET https://firebase.googleapis.com/v1beta1/projects/openmeet-272514 [none]
[debug] [2021-08-30T14:13:57.616Z] <<< [apiv2][status] GET https://firebase.googleapis.com/v1beta1/projects/openmeet-272514 200
[debug] [2021-08-30T14:13:57.616Z] <<< [apiv2][body] GET https://firebase.googleapis.com/v1beta1/projects/openmeet-272514 {"projectId":"openmeet-272514","projectNumber":"999690104911","displayName":"OpenMeet","name":"projects/openmeet-272514","resources":{"hostingSite":"openmeet-272514","storageBucket":"openmeet-272514.appspot.com","locationId":"europe-west"},"state":"ACTIVE"}
[info] 
[info] === Deploying to 'openmeet-272514'...
[info] 
[info] i  deploying functions, hosting 
[debug] [2021-08-30T14:13:57.621Z] Validating nodejs source
[debug] [2021-08-30T14:14:01.787Z] > [functions] package.json contents: {
  "name": "openmeet-next",
  "version": "0.1.0",
  "private": true,
  "main": "functions.js",
  "scripts": {
    "dev": "next dev",
    "build": "next build",
    "start": "next start",
    "export": "next export",
    "lint": "next lint",
    "deploy": "next build && firebase deploy"
  },
  "dependencies": {
    "@headlessui/react": "^1.4.0",
    "@heroicons/react": "^1.0.2",
    "@popperjs/core": "^2.9.2",
    "@tailwindcss/forms": "^0.3.3",
    "chart.js": "^3.5.0",
    "cheerio": "^1.0.0-rc.10",
    "date-fns": "^2.23.0",
    "firebase": "^9.0.0",
    "firebase-admin": "^9.11.0",
    "firebase-functions": "^3.15.4",
    "leaflet": "^1.7.1",
    "next": "11.1.0",
    "next-pwa": "^5.3.1",
    "next-themes": "^0.0.15",
    "nprogress": "^0.2.0",
    "prop-types": "^15.7.2",
    "react": "17.0.2",
    "react-dom": "17.0.2",
    "react-leaflet": "^3.2.1",
    "react-lottie": "^1.2.3",
    "react-rough-notation": "^1.0.1",
    "semver": "^7.3.5"
  },
  "devDependencies": {
    "autoprefixer": "^10.2.6",
    "eslint": "7.30.0",
    "eslint-config-next": "11.0.1",
    "postcss": "^8.3.5",
    "tailwindcss": "^2.2.4"
  }
}
[debug] [2021-08-30T14:14:01.787Z] Building nodejs source
[info] i  functions: ensuring required API cloudfunctions.googleapis.com is enabled... 
[debug] [2021-08-30T14:14:01.789Z] > refreshing access token with scopes: ["email","https://www.googleapis.com/auth/cloud-platform","https://www.googleapis.com/auth/cloudplatformprojects.readonly","https://www.googleapis.com/auth/firebase","openid"]
[debug] [2021-08-30T14:14:01.789Z] >>> HTTP REQUEST POST https://www.googleapis.com/oauth2/v3/token  
 <request body omitted>
[debug] [2021-08-30T14:14:01.790Z] > refreshing access token with scopes: ["email","https://www.googleapis.com/auth/cloud-platform","https://www.googleapis.com/auth/cloudplatformprojects.readonly","https://www.googleapis.com/auth/firebase","openid"]
[debug] [2021-08-30T14:14:01.790Z] >>> HTTP REQUEST POST https://www.googleapis.com/oauth2/v3/token  
 <request body omitted>
[info] i  functions: ensuring required API cloudbuild.googleapis.com is enabled... 
[debug] [2021-08-30T14:14:01.791Z] > refreshing access token with scopes: ["email","https://www.googleapis.com/auth/cloud-platform","https://www.googleapis.com/auth/cloudplatformprojects.readonly","https://www.googleapis.com/auth/firebase","openid"]
[debug] [2021-08-30T14:14:01.791Z] >>> HTTP REQUEST POST https://www.googleapis.com/oauth2/v3/token  
 <request body omitted>
[debug] [2021-08-30T14:14:02.014Z] <<< HTTP RESPONSE 200 {"expires":"Mon, 01 Jan 1990 00:00:00 GMT","date":"Mon, 30 Aug 2021 14:13:47 GMT","pragma":"no-cache","cache-control":"no-cache, no-store, max-age=0, must-revalidate","content-type":"application/json; charset=utf-8","vary":"X-Origin, Referer, Origin,Accept-Encoding","server":"scaffolding on HTTPServer2","x-xss-protection":"0","x-frame-options":"SAMEORIGIN","x-content-type-options":"nosniff","alt-svc":"h3=\":443\"; ma=2592000,h3-29=\":443\"; ma=2592000,h3-T051=\":443\"; ma=2592000,h3-Q050=\":443\"; ma=2592000,h3-Q046=\":443\"; ma=2592000,h3-Q043=\":443\"; ma=2592000,quic=\":443\"; ma=2592000; v=\"46,43\"","accept-ranges":"none","transfer-encoding":"chunked"}
[debug] [2021-08-30T14:14:02.039Z] >>> HTTP REQUEST GET https://serviceusage.googleapis.com/v1/projects/openmeet-272514/services/runtimeconfig.googleapis.com  
 
[debug] [2021-08-30T14:14:02.040Z] <<< HTTP RESPONSE 200 {"pragma":"no-cache","cache-control":"no-cache, no-store, max-age=0, must-revalidate","expires":"Mon, 01 Jan 1990 00:00:00 GMT","date":"Mon, 30 Aug 2021 14:13:47 GMT","content-type":"application/json; charset=utf-8","vary":"X-Origin, Referer, Origin,Accept-Encoding","server":"scaffolding on HTTPServer2","x-xss-protection":"0","x-frame-options":"SAMEORIGIN","x-content-type-options":"nosniff","alt-svc":"h3=\":443\"; ma=2592000,h3-29=\":443\"; ma=2592000,h3-T051=\":443\"; ma=2592000,h3-Q050=\":443\"; ma=2592000,h3-Q046=\":443\"; ma=2592000,h3-Q043=\":443\"; ma=2592000,quic=\":443\"; ma=2592000; v=\"46,43\"","accept-ranges":"none","transfer-encoding":"chunked"}
[debug] [2021-08-30T14:14:02.059Z] >>> HTTP REQUEST GET https://serviceusage.googleapis.com/v1/projects/openmeet-272514/services/cloudbuild.googleapis.com  
 
[debug] [2021-08-30T14:14:02.062Z] <<< HTTP RESPONSE 200 {"expires":"Mon, 01 Jan 1990 00:00:00 GMT","cache-control":"no-cache, no-store, max-age=0, must-revalidate","date":"Mon, 30 Aug 2021 14:13:47 GMT","pragma":"no-cache","content-type":"application/json; charset=utf-8","vary":"X-Origin, Referer, Origin,Accept-Encoding","server":"scaffolding on HTTPServer2","x-xss-protection":"0","x-frame-options":"SAMEORIGIN","x-content-type-options":"nosniff","alt-svc":"h3=\":443\"; ma=2592000,h3-29=\":443\"; ma=2592000,h3-T051=\":443\"; ma=2592000,h3-Q050=\":443\"; ma=2592000,h3-Q046=\":443\"; ma=2592000,h3-Q043=\":443\"; ma=2592000,quic=\":443\"; ma=2592000; v=\"46,43\"","accept-ranges":"none","transfer-encoding":"chunked"}
[debug] [2021-08-30T14:14:02.080Z] >>> HTTP REQUEST GET https://serviceusage.googleapis.com/v1/projects/openmeet-272514/services/cloudfunctions.googleapis.com  
 
[debug] [2021-08-30T14:14:03.146Z] <<< HTTP RESPONSE 200 {"content-type":"application/json; charset=UTF-8","vary":"X-Origin, Referer, Origin,Accept-Encoding","date":"Mon, 30 Aug 2021 14:13:48 GMT","server":"ESF","cache-control":"private","x-xss-protection":"0","x-frame-options":"SAMEORIGIN","x-content-type-options":"nosniff","alt-svc":"h3=\":443\"; ma=2592000,h3-29=\":443\"; ma=2592000,h3-T051=\":443\"; ma=2592000,h3-Q050=\":443\"; ma=2592000,h3-Q046=\":443\"; ma=2592000,h3-Q043=\":443\"; ma=2592000,quic=\":443\"; ma=2592000; v=\"46,43\"","accept-ranges":"none","transfer-encoding":"chunked"}
[debug] [2021-08-30T14:14:03.290Z] <<< HTTP RESPONSE 200 {"content-type":"application/json; charset=UTF-8","vary":"X-Origin, Referer, Origin,Accept-Encoding","date":"Mon, 30 Aug 2021 14:13:48 GMT","server":"ESF","cache-control":"private","x-xss-protection":"0","x-frame-options":"SAMEORIGIN","x-content-type-options":"nosniff","alt-svc":"h3=\":443\"; ma=2592000,h3-29=\":443\"; ma=2592000,h3-T051=\":443\"; ma=2592000,h3-Q050=\":443\"; ma=2592000,h3-Q046=\":443\"; ma=2592000,h3-Q043=\":443\"; ma=2592000,quic=\":443\"; ma=2592000; v=\"46,43\"","accept-ranges":"none","transfer-encoding":"chunked"}
[info] +  functions: required API cloudbuild.googleapis.com is enabled 
[debug] [2021-08-30T14:14:03.371Z] <<< HTTP RESPONSE 200 {"content-type":"application/json; charset=UTF-8","vary":"X-Origin, Referer, Origin,Accept-Encoding","date":"Mon, 30 Aug 2021 14:13:48 GMT","server":"ESF","cache-control":"private","x-xss-protection":"0","x-frame-options":"SAMEORIGIN","x-content-type-options":"nosniff","alt-svc":"h3=\":443\"; ma=2592000,h3-29=\":443\"; ma=2592000,h3-T051=\":443\"; ma=2592000,h3-Q050=\":443\"; ma=2592000,h3-Q046=\":443\"; ma=2592000,h3-Q043=\":443\"; ma=2592000,quic=\":443\"; ma=2592000; v=\"46,43\"","accept-ranges":"none","transfer-encoding":"chunked"}
[info] +  functions: required API cloudfunctions.googleapis.com is enabled 
[debug] [2021-08-30T14:14:03.372Z] >>> HTTP REQUEST GET https://firebase.googleapis.com/v1beta1/projects/openmeet-272514/adminSdkConfig  
 
[debug] [2021-08-30T14:14:03.805Z] <<< HTTP RESPONSE 200 {"content-type":"application/json; charset=UTF-8","vary":"X-Origin, Referer, Origin,Accept-Encoding","date":"Mon, 30 Aug 2021 14:13:49 GMT","server":"ESF","cache-control":"private","x-xss-protection":"0","x-frame-options":"SAMEORIGIN","x-content-type-options":"nosniff","alt-svc":"h3=\":443\"; ma=2592000,h3-29=\":443\"; ma=2592000,h3-T051=\":443\"; ma=2592000,h3-Q050=\":443\"; ma=2592000,h3-Q046=\":443\"; ma=2592000,h3-Q043=\":443\"; ma=2592000,quic=\":443\"; ma=2592000; v=\"46,43\"","accept-ranges":"none","transfer-encoding":"chunked"}
[debug] [2021-08-30T14:14:03.806Z] >>> HTTP REQUEST GET https://runtimeconfig.googleapis.com/v1beta1/projects/openmeet-272514/configs  
 
[debug] [2021-08-30T14:14:04.926Z] <<< HTTP RESPONSE 200 {"content-type":"application/json; charset=UTF-8","vary":"X-Origin, Referer, Origin,Accept-Encoding","date":"Mon, 30 Aug 2021 14:13:50 GMT","server":"ESF","cache-control":"private","x-xss-protection":"0","x-frame-options":"SAMEORIGIN","x-content-type-options":"nosniff","alt-svc":"h3=\":443\"; ma=2592000,h3-29=\":443\"; ma=2592000,h3-T051=\":443\"; ma=2592000,h3-Q050=\":443\"; ma=2592000,h3-Q046=\":443\"; ma=2592000,h3-Q043=\":443\"; ma=2592000,quic=\":443\"; ma=2592000; v=\"46,43\"","accept-ranges":"none","transfer-encoding":"chunked"}
[debug] [2021-08-30T14:14:04.927Z] Analyzing nodejs backend spec
[info] i  functions: preparing . directory for uploading... 
[info] i  functions: packaged . (11.96 MB) for uploading 
[debug] [2021-08-30T14:14:17.055Z] >>> HTTP REQUEST GET https://cloudfunctions.googleapis.com/v1/projects/openmeet-272514/locations/-/functions  
 
[debug] [2021-08-30T14:14:18.028Z] <<< HTTP RESPONSE 200 {"content-type":"application/json; charset=UTF-8","vary":"X-Origin, Referer, Origin,Accept-Encoding","date":"Mon, 30 Aug 2021 14:14:03 GMT","server":"ESF","cache-control":"private","x-xss-protection":"0","x-frame-options":"SAMEORIGIN","x-content-type-options":"nosniff","alt-svc":"h3=\":443\"; ma=2592000,h3-29=\":443\"; ma=2592000,h3-T051=\":443\"; ma=2592000,h3-Q050=\":443\"; ma=2592000,h3-Q046=\":443\"; ma=2592000,h3-Q043=\":443\"; ma=2592000,quic=\":443\"; ma=2592000; v=\"46,43\"","accept-ranges":"none","transfer-encoding":"chunked"}
[debug] [2021-08-30T14:14:18.032Z] >>> HTTP REQUEST POST https://firebasehosting.googleapis.com/v1beta1/sites/openmeet-272514/versions  
 {"config":{"rewrites":[{"glob":"**","function":"nextServer"}]},"labels":{"deployment-tool":"cli-firebase"}}
[debug] [2021-08-30T14:14:19.404Z] <<< HTTP RESPONSE 200 {"content-type":"application/json; charset=UTF-8","vary":"X-Origin, Referer, Origin,Accept-Encoding","date":"Mon, 30 Aug 2021 14:14:04 GMT","server":"ESF","cache-control":"private","x-xss-protection":"0","x-frame-options":"SAMEORIGIN","x-content-type-options":"nosniff","alt-svc":"h3=\":443\"; ma=2592000,h3-29=\":443\"; ma=2592000,h3-T051=\":443\"; ma=2592000,h3-Q050=\":443\"; ma=2592000,h3-Q046=\":443\"; ma=2592000,h3-Q043=\":443\"; ma=2592000,quic=\":443\"; ma=2592000; v=\"46,43\"","accept-ranges":"none","transfer-encoding":"chunked"}
[debug] [2021-08-30T14:14:19.405Z] >>> HTTP REQUEST POST https://cloudfunctions.googleapis.com/v1/projects/openmeet-272514/locations/us-central1/functions:generateUploadUrl  
 
[debug] [2021-08-30T14:14:20.129Z] <<< HTTP RESPONSE 200 {"content-type":"application/json; charset=UTF-8","vary":"X-Origin, Referer, Origin,Accept-Encoding","date":"Mon, 30 Aug 2021 14:14:05 GMT","server":"ESF","cache-control":"private","x-xss-protection":"0","x-frame-options":"SAMEORIGIN","x-content-type-options":"nosniff","alt-svc":"h3=\":443\"; ma=2592000,h3-29=\":443\"; ma=2592000,h3-T051=\":443\"; ma=2592000,h3-Q050=\":443\"; ma=2592000,h3-Q046=\":443\"; ma=2592000,h3-Q043=\":443\"; ma=2592000,quic=\":443\"; ma=2592000; v=\"46,43\"","accept-ranges":"none","transfer-encoding":"chunked"}
[debug] [2021-08-30T14:14:20.130Z] >>> HTTP REQUEST PUT https://storage.googleapis.com/gcf-upload-us-central1-1fab8138-d178-46aa-97f1-4e2324c6bc34/2c3fd773-6b34-45d6-a665-84cefe77c455.zip?GoogleAccessId=service-999690104911@gcf-admin-robot.iam.gserviceaccount.com&Expires=1630334645&Signature=nMIza9B1liE1e0zLG2SbOWGESbjFxFv%2FneXege7VRugSAMLRtchgCy5%2Bq3PuZKv0qOX4l0OuJnbDXDp3ICM5OSk1E4uHAdi6IG3FsZGvlh%2FC1wCPrO2KfUAEmNkURoHJafO2aAgbv0k8Kc8cpGY0uP7NP5dGU1NQdEURhgiIzu0Ng9d5VPSgDZWSruuOMzIElorY8rJn6YnPNMU%2FFyJymzN9AANMofb3MAzoTdXYzOciKHVucZUSPe7eDslwN6SdNybaWx85w4mlCvjpjRDIF18O%2F1xoPQTRgS71GvjSiaLTjk79cMCzdG5YVVn3ZD6kFJ9IDT1fGC0XbUyGQEn0Rg%3D%3D  
 <request body omitted>
[warn] !  functions: Upload Error: Server Error. write ECONNRESET 
[debug] [2021-08-30T14:17:03.887Z] Error: write ECONNRESET
    at WriteWrap.onWriteComplete [as oncomplete] (node:internal/stream_base_commons:94:16)
[error] 
[error] Error: Server Error. write ECONNRESET
